<?xml version="1.0" encoding="UTF-8"?>
<!-- Generated by org.testng.reporters.JUnitReportReporter -->
<testsuite hostname="PG02PX68" failures="0" tests="1" name="com.CTSAssignment.Applaunch_Test.CTS_AppLaunchTest" time="13.410" errors="0" timestamp="2023-07-10T12:22:27 IST" skipped="0">
  <testcase classname="com.CTSAssignment.Applaunch_Test.CTS_AppLaunchTest" name="Coding" time="13.410"/>
  <system-out/>
</testsuite> <!-- com.CTSAssignment.Applaunch_Test.CTS_AppLaunchTest -->
