<?xml version="1.0" encoding="UTF-8"?>
<!-- Generated by org.testng.reporters.JUnitReportReporter -->
<testsuite hostname="PG03KMMT" failures="0" tests="2" name="com.botree.utility.BaseTest" time="1.715" errors="2" timestamp="2023-02-19T20:20:00 IST" skipped="0">
  <testcase classname="com.botree.utility.BaseTest" name="initiateAndroidDriver" time="0.000">
    <error message="
Cannot inject @Test annotated Method [initiateAndroidDriver] with [class java.lang.String, class java.lang.String].
For more information on native dependency injection please refer to https://testng.org/doc/documentation-main.html#native-dependency-injection" type="org.testng.TestNGException">
      <![CDATA[org.testng.TestNGException: 
Cannot inject @Test annotated Method [initiateAndroidDriver] with [class java.lang.String, class java.lang.String].
For more information on native dependency injection please refer to https://testng.org/doc/documentation-main.html#native-dependency-injection
at org.testng.internal.Parameters.checkParameterTypes(Parameters.java:439)
at org.testng.internal.Parameters.createParametersForMethod(Parameters.java:353)
at org.testng.internal.Parameters.createParameters(Parameters.java:708)
at org.testng.internal.Parameters.handleParameters(Parameters.java:884)
at org.testng.internal.Parameters.handleParameters(Parameters.java:740)
at org.testng.internal.ParameterHandler.handleParameters(ParameterHandler.java:59)
at org.testng.internal.ParameterHandler.createParameters(ParameterHandler.java:38)
at org.testng.internal.TestInvoker$MethodInvocationAgent.invoke(TestInvoker.java:791)
at org.testng.internal.TestInvoker.invokeTestMethods(TestInvoker.java:146)
at org.testng.internal.TestMethodWorker.invokeTestMethods(TestMethodWorker.java:146)
at org.testng.internal.TestMethodWorker.run(TestMethodWorker.java:128)
at java.base/java.util.ArrayList.forEach(ArrayList.java:1511)
at org.testng.TestRunner.privateRun(TestRunner.java:794)
at org.testng.TestRunner.run(TestRunner.java:596)
at org.testng.SuiteRunner.runTest(SuiteRunner.java:377)
at org.testng.SuiteRunner.runSequentially(SuiteRunner.java:371)
at org.testng.SuiteRunner.privateRun(SuiteRunner.java:332)
at org.testng.SuiteRunner.run(SuiteRunner.java:276)
at org.testng.SuiteRunnerWorker.runSuite(SuiteRunnerWorker.java:53)
at org.testng.SuiteRunnerWorker.run(SuiteRunnerWorker.java:96)
at org.testng.TestNG.runSuitesSequentially(TestNG.java:1212)
at org.testng.TestNG.runSuitesLocally(TestNG.java:1134)
at org.testng.TestNG.runSuites(TestNG.java:1063)
at org.testng.TestNG.run(TestNG.java:1031)
at org.testng.remote.AbstractRemoteTestNG.run(AbstractRemoteTestNG.java:115)
at org.testng.remote.RemoteTestNG.initAndRun(RemoteTestNG.java:251)
at org.testng.remote.RemoteTestNG.main(RemoteTestNG.java:77)
]]>
    </error>
  </testcase> <!-- initiateAndroidDriver -->
  <system-out/>
  <testcase classname="com.botree.utility.BaseTest" name="configureAppium" time="1.715">
    <error message="Could not start a new session. Response code 500. Message: An unknown server-side error occurred while processing the command. Original error: Error executing adbExec. Original error: &#039;Command &#039;C:\\Users\\balaji.vijayakumar\\AppData\\Local\\Android\\Sdk\\platform-tools\\adb.exe -P 5037 -s af78b531 shell &#039;settings delete global hidden_api_policy_pre_p_apps;settings delete global hidden_api_policy_p_apps;settings delete global hidden_api_policy&#039;&#039; exited with code 255&#039;; Command output: 
Exception occurred while executing &#039;delete&#039;:
java.lang.SecurityException: Permission denial: writing to settings requires:android.permission.WRITE_SECURE_SETTINGS
	at com.android.providers.settings.SettingsProvider.enforceWritePermission(SettingsProvider.java:2393)
	at com.android.providers.settings.SettingsProvider.mutateGlobalSetting(SettingsProvider.java:1428)
	at com.android.providers.settings.SettingsProvider.mutateGlobalSetting(SettingsProvider.java:1420)
	at com.android.providers.settings.SettingsProvider.deleteGlobalSetting(SettingsProvider.java:1391)
	at com.android.providers.settings.SettingsProvider.call(SettingsProvider.java:576)
	at android.content.ContentProvider.call(ContentProvider.java:2448)
	at android.content.ContentProvider$Transport.call(ContentProvider.java:517)
	at com.android.providers.settings.SettingsService$MyShellCommand.deleteForUser(SettingsService.java:399)
	at com.android.providers.settings.SettingsService$MyShellCommand.onCommand(SettingsService.java:281)
	at android.os.BasicShellCommandHandler.exec(BasicShellCommandHandler.java:98)
	at android.os.ShellCommand.exec(ShellCommand.java:44)
	at com.android.providers.settings.SettingsService.onShellCommand(SettingsService.java:49)
	at android.os.Binder.shellCommand(Binder.java:936)
	at android.os.Binder.onTransact(Binder.java:820)
	at android.os.Binder.execTransactInternal(Binder.java:1166)
	at android.os.Binder.execTransact(Binder.java:1130)

Exception occurred while executing &#039;delete&#039;:
java.lang.SecurityException: Permission denial: writing to settings requires:android.permission.WRITE_SECURE_SETTINGS
	at com.android.providers.settings.SettingsProvider.enforceWritePermission(SettingsProvider.java:2393)
	at com.android.providers.settings.SettingsProvider.mutateGlobalSetting(SettingsProvider.java:1428)
	at com.android.providers.settings.SettingsProvider.mutateGlobalSetting(SettingsProvider.java:1420)
	at com.android.providers.settings.SettingsProvider.deleteGlobalSetting(SettingsProvider.java:1391)
	at com.android.providers.settings.SettingsProvider.call(SettingsProvider.java:576)
	at android.content.ContentProvider.call(ContentProvider.java:2448)
	at android.content.ContentProvider$Transport.call(ContentProvider.java:517)
	at com.android.providers.settings.SettingsService$MyShellCommand.deleteForUser(SettingsService.java:399)
	at com.android.providers.settings.SettingsService$MyShellCommand.onCommand(SettingsService.java:281)
	at android.os.BasicShellCommandHandler.exec(BasicShellCommandHandler.java:98)
	at android.os.ShellCommand.exec(ShellCommand.java:44)
	at com.android.providers.settings.SettingsService.onShellCommand(SettingsService.java:49)
	at android.os.Binder.shellCommand(Binder.java:936)
	at android.os.Binder.onTransact(Binder.java:820)
	at android.os.Binder.execTransactInternal(Binder.java:1166)
	at android.os.Binder.execTransact(Binder.java:1130)

Exception occurred while executing &#039;delete&#039;:
java.lang.SecurityException: Permission denial: writing to settings requires:android.permission.WRITE_SECURE_SETTINGS
	at com.android.providers.settings.SettingsProvider.enforceWritePermission(SettingsProvider.java:2393)
	at com.android.providers.settings.SettingsProvider.mutateGlobalSetting(SettingsProvider.java:1428)
	at com.android.providers.settings.SettingsProvider.mutateGlobalSetting(SettingsProvider.java:1420)
	at com.android.providers.settings.SettingsProvider.deleteGlobalSetting(SettingsProvider.java:1391)
	at com.android.providers.settings.SettingsProvider.call(SettingsProvider.java:576)
	at android.content.ContentProvider.call(ContentProvider.java:2448)
	at android.content.ContentProvider$Transport.call(ContentProvider.java:517)
	at com.android.providers.settings.SettingsService$MyShellCommand.deleteForUser(SettingsService.java:399)
	at com.android.providers.settings.SettingsService$MyShellCommand.onCommand(SettingsService.java:281)
	at android.os.BasicShellCommandHandler.exec(BasicShellCommandHandler.java:98)
	at android.os.ShellCommand.exec(ShellCommand.java:44)
	at com.android.providers.settings.SettingsService.onShellCommand(SettingsService.java:49)
	at android.os.Binder.shellCommand(Binder.java:936)
	at android.os.Binder.onTransact(Binder.java:820)
	at android.os.Binder.execTransactInternal(Binder.java:1166)
	at android.os.Binder.execTransact(Binder.java:1130)
 
Host info: host: &#039;PG03KMMT&#039;, ip: &#039;192.168.217.205&#039;
Build info: version: &#039;4.8.0&#039;, revision: &#039;267030adea&#039;
System info: os.name: &#039;Windows 10&#039;, os.arch: &#039;amd64&#039;, os.version: &#039;10.0&#039;, java.version: &#039;17.0.5&#039;
Driver info: io.appium.java_client.android.AndroidDriver
Command: [null, newSession {capabilities=[{appium:deviceName=af78b531, platformName=ANDROID, appium:automationName=UIAutomator2, appium:app=C:\Users\balaji.vijayakumar\SSFA_New-02-02\Qng_SSFA_SaaS\APK\General-Store.apk}], desiredCapabilities=Capabilities {appium:app: C:\Users\balaji.vijayakumar..., appium:automationName: UIAutomator2, appium:deviceName: af78b531, platformName: ANDROID}}]
Capabilities {}" type="org.openqa.selenium.SessionNotCreatedException">
      <![CDATA[org.openqa.selenium.SessionNotCreatedException: Could not start a new session. Response code 500. Message: An unknown server-side error occurred while processing the command. Original error: Error executing adbExec. Original error: 'Command 'C:\\Users\\balaji.vijayakumar\\AppData\\Local\\Android\\Sdk\\platform-tools\\adb.exe -P 5037 -s af78b531 shell 'settings delete global hidden_api_policy_pre_p_apps;settings delete global hidden_api_policy_p_apps;settings delete global hidden_api_policy'' exited with code 255'; Command output: 
Exception occurred while executing 'delete':
java.lang.SecurityException: Permission denial: writing to settings requires:android.permission.WRITE_SECURE_SETTINGS
at com.android.providers.settings.SettingsProvider.enforceWritePermission(SettingsProvider.java:2393)
at com.android.providers.settings.SettingsProvider.mutateGlobalSetting(SettingsProvider.java:1428)
at com.android.providers.settings.SettingsProvider.mutateGlobalSetting(SettingsProvider.java:1420)
at com.android.providers.settings.SettingsProvider.deleteGlobalSetting(SettingsProvider.java:1391)
at com.android.providers.settings.SettingsProvider.call(SettingsProvider.java:576)
at android.content.ContentProvider.call(ContentProvider.java:2448)
at android.content.ContentProvider$Transport.call(ContentProvider.java:517)
at com.android.providers.settings.SettingsService$MyShellCommand.deleteForUser(SettingsService.java:399)
at com.android.providers.settings.SettingsService$MyShellCommand.onCommand(SettingsService.java:281)
at android.os.BasicShellCommandHandler.exec(BasicShellCommandHandler.java:98)
at android.os.ShellCommand.exec(ShellCommand.java:44)
at com.android.providers.settings.SettingsService.onShellCommand(SettingsService.java:49)
at android.os.Binder.shellCommand(Binder.java:936)
at android.os.Binder.onTransact(Binder.java:820)
at android.os.Binder.execTransactInternal(Binder.java:1166)
at android.os.Binder.execTransact(Binder.java:1130)

Exception occurred while executing 'delete':
java.lang.SecurityException: Permission denial: writing to settings requires:android.permission.WRITE_SECURE_SETTINGS
at com.android.providers.settings.SettingsProvider.enforceWritePermission(SettingsProvider.java:2393)
at com.android.providers.settings.SettingsProvider.mutateGlobalSetting(SettingsProvider.java:1428)
at com.android.providers.settings.SettingsProvider.mutateGlobalSetting(SettingsProvider.java:1420)
at com.android.providers.settings.SettingsProvider.deleteGlobalSetting(SettingsProvider.java:1391)
at com.android.providers.settings.SettingsProvider.call(SettingsProvider.java:576)
at android.content.ContentProvider.call(ContentProvider.java:2448)
at android.content.ContentProvider$Transport.call(ContentProvider.java:517)
at com.android.providers.settings.SettingsService$MyShellCommand.deleteForUser(SettingsService.java:399)
at com.android.providers.settings.SettingsService$MyShellCommand.onCommand(SettingsService.java:281)
at android.os.BasicShellCommandHandler.exec(BasicShellCommandHandler.java:98)
at android.os.ShellCommand.exec(ShellCommand.java:44)
at com.android.providers.settings.SettingsService.onShellCommand(SettingsService.java:49)
at android.os.Binder.shellCommand(Binder.java:936)
at android.os.Binder.onTransact(Binder.java:820)
at android.os.Binder.execTransactInternal(Binder.java:1166)
at android.os.Binder.execTransact(Binder.java:1130)

Exception occurred while executing 'delete':
java.lang.SecurityException: Permission denial: writing to settings requires:android.permission.WRITE_SECURE_SETTINGS
at com.android.providers.settings.SettingsProvider.enforceWritePermission(SettingsProvider.java:2393)
at com.android.providers.settings.SettingsProvider.mutateGlobalSetting(SettingsProvider.java:1428)
at com.android.providers.settings.SettingsProvider.mutateGlobalSetting(SettingsProvider.java:1420)
at com.android.providers.settings.SettingsProvider.deleteGlobalSetting(SettingsProvider.java:1391)
at com.android.providers.settings.SettingsProvider.call(SettingsProvider.java:576)
at android.content.ContentProvider.call(ContentProvider.java:2448)
at android.content.ContentProvider$Transport.call(ContentProvider.java:517)
at com.android.providers.settings.SettingsService$MyShellCommand.deleteForUser(SettingsService.java:399)
at com.android.providers.settings.SettingsService$MyShellCommand.onCommand(SettingsService.java:281)
at android.os.BasicShellCommandHandler.exec(BasicShellCommandHandler.java:98)
at android.os.ShellCommand.exec(ShellCommand.java:44)
at com.android.providers.settings.SettingsService.onShellCommand(SettingsService.java:49)
at android.os.Binder.shellCommand(Binder.java:936)
at android.os.Binder.onTransact(Binder.java:820)
at android.os.Binder.execTransactInternal(Binder.java:1166)
at android.os.Binder.execTransact(Binder.java:1130)
 
Host info: host: 'PG03KMMT', ip: '192.168.217.205'
Build info: version: '4.8.0', revision: '267030adea'
System info: os.name: 'Windows 10', os.arch: 'amd64', os.version: '10.0', java.version: '17.0.5'
Driver info: io.appium.java_client.android.AndroidDriver
Command: [null, newSession {capabilities=[{appium:deviceName=af78b531, platformName=ANDROID, appium:automationName=UIAutomator2, appium:app=C:\Users\balaji.vijayakumar\SSFA_New-02-02\Qng_SSFA_SaaS\APK\General-Store.apk}], desiredCapabilities=Capabilities {appium:app: C:\Users\balaji.vijayakumar..., appium:automationName: UIAutomator2, appium:deviceName: af78b531, platformName: ANDROID}}]
Capabilities {}
at org.openqa.selenium.remote.ProtocolHandshake.createSession(ProtocolHandshake.java:148)
at java.base/jdk.internal.reflect.NativeMethodAccessorImpl.invoke0(Native Method)
at java.base/jdk.internal.reflect.NativeMethodAccessorImpl.invoke(NativeMethodAccessorImpl.java:77)
at java.base/jdk.internal.reflect.DelegatingMethodAccessorImpl.invoke(DelegatingMethodAccessorImpl.java:43)
at java.base/java.lang.reflect.Method.invoke(Method.java:568)
at io.appium.java_client.remote.AppiumProtocolHandshake.createSession(AppiumProtocolHandshake.java:133)
at io.appium.java_client.remote.AppiumProtocolHandshake.createSession(AppiumProtocolHandshake.java:102)
at io.appium.java_client.remote.AppiumCommandExecutor.createSession(AppiumCommandExecutor.java:194)
at io.appium.java_client.remote.AppiumCommandExecutor.execute(AppiumCommandExecutor.java:262)
at org.openqa.selenium.remote.RemoteWebDriver.execute(RemoteWebDriver.java:543)
at io.appium.java_client.AppiumDriver.startSession(AppiumDriver.java:229)
at org.openqa.selenium.remote.RemoteWebDriver.<init>(RemoteWebDriver.java:157)
at io.appium.java_client.AppiumDriver.<init>(AppiumDriver.java:80)
at io.appium.java_client.AppiumDriver.<init>(AppiumDriver.java:92)
at io.appium.java_client.android.AndroidDriver.<init>(AndroidDriver.java:117)
at com.botree.utility.BaseTest.initiateAndroidDriver(BaseTest.java:42)
at com.botree.utility.BaseTest.configureAppium(BaseTest.java:34)
at java.base/jdk.internal.reflect.NativeMethodAccessorImpl.invoke0(Native Method)
at java.base/jdk.internal.reflect.NativeMethodAccessorImpl.invoke(NativeMethodAccessorImpl.java:77)
at java.base/jdk.internal.reflect.DelegatingMethodAccessorImpl.invoke(DelegatingMethodAccessorImpl.java:43)
at java.base/java.lang.reflect.Method.invoke(Method.java:568)
at org.testng.internal.MethodInvocationHelper.invokeMethod(MethodInvocationHelper.java:133)
at org.testng.internal.TestInvoker.invokeMethod(TestInvoker.java:598)
at org.testng.internal.TestInvoker.invokeTestMethod(TestInvoker.java:173)
at org.testng.internal.MethodRunner.runInSequence(MethodRunner.java:46)
at org.testng.internal.TestInvoker$MethodInvocationAgent.invoke(TestInvoker.java:824)
at org.testng.internal.TestInvoker.invokeTestMethods(TestInvoker.java:146)
at org.testng.internal.TestMethodWorker.invokeTestMethods(TestMethodWorker.java:146)
at org.testng.internal.TestMethodWorker.run(TestMethodWorker.java:128)
at java.base/java.util.ArrayList.forEach(ArrayList.java:1511)
at org.testng.TestRunner.privateRun(TestRunner.java:794)
at org.testng.TestRunner.run(TestRunner.java:596)
at org.testng.SuiteRunner.runTest(SuiteRunner.java:377)
at org.testng.SuiteRunner.runSequentially(SuiteRunner.java:371)
at org.testng.SuiteRunner.privateRun(SuiteRunner.java:332)
at org.testng.SuiteRunner.run(SuiteRunner.java:276)
at org.testng.SuiteRunnerWorker.runSuite(SuiteRunnerWorker.java:53)
at org.testng.SuiteRunnerWorker.run(SuiteRunnerWorker.java:96)
at org.testng.TestNG.runSuitesSequentially(TestNG.java:1212)
at org.testng.TestNG.runSuitesLocally(TestNG.java:1134)
at org.testng.TestNG.runSuites(TestNG.java:1063)
at org.testng.TestNG.run(TestNG.java:1031)
at org.testng.remote.AbstractRemoteTestNG.run(AbstractRemoteTestNG.java:115)
at org.testng.remote.RemoteTestNG.initAndRun(RemoteTestNG.java:251)
at org.testng.remote.RemoteTestNG.main(RemoteTestNG.java:77)
]]>
    </error>
  </testcase> <!-- configureAppium -->
  <system-out/>
</testsuite> <!-- com.botree.utility.BaseTest -->
