<?xml version="1.0" encoding="UTF-8"?>
<!-- Generated by org.testng.reporters.JUnitReportReporter -->
<testsuite hostname="PG03KMMT" failures="0" tests="1" name="sCJ_Brillion_Test.SCJ_Brillion_OutletVisitTest" time="26.894" errors="0" timestamp="2023-02-13T11:26:49 IST" skipped="0">
  <testcase classname="sCJ_Brillion_Test.SCJ_Brillion_OutletVisitTest" name="permission" time="26.894"/>
  <system-out/>
</testsuite> <!-- sCJ_Brillion_Test.SCJ_Brillion_OutletVisitTest -->
