<?xml version="1.0" encoding="UTF-8"?>
<!-- Generated by org.testng.reporters.JUnitReportReporter -->
<testsuite hostname="PG03KMMT" failures="0" tests="5" name="com.botree.Dashboard_Products_Test.Product_Master_Test" time="59.861" errors="0" timestamp="2023-02-24T13:19:56 IST" skipped="0">
  <testcase classname="com.botree.Dashboard_Products_Test.Product_Master_Test" name="SSFA_SCJ_PRODUCT_MASTER_TC_901_01" time="4.074"/>
  <system-out/>
  <testcase classname="com.botree.Dashboard_Products_Test.Product_Master_Test" name="SSFA_SCJ_PRODUCT_MASTER_SCHEME_TC_1000_03" time="12.911"/>
  <system-out/>
  <testcase classname="com.botree.Dashboard_Products_Test.Product_Master_Test" name="SSFA_SCJ_PRODUCT_MASTER_TC_901_04" time="14.104"/>
  <system-out/>
  <testcase classname="com.botree.Dashboard_Products_Test.Product_Master_Test" name="SSFA_SCJ_PRODUCT_MASTER_TC_901_05" time="13.581"/>
  <system-out/>
  <testcase classname="com.botree.Dashboard_Products_Test.Product_Master_Test" name="SSFA_SCJ_PRODUCT_MASTER_TC_901_06" time="15.191"/>
  <system-out/>
</testsuite> <!-- com.botree.Dashboard_Products_Test.Product_Master_Test -->
