<?xml version="1.0" encoding="UTF-8"?>
<!-- Generated by org.testng.reporters.JUnitReportReporter -->
<testsuite hostname="PG03KMMT" failures="0" tests="4" name="com.botree.Dashboard_Products_Test.Brillion_ProductMustShell_Test" time="102.703" errors="4" timestamp="2023-02-26T21:20:28 IST" skipped="0">
  <testcase classname="com.botree.Dashboard_Products_Test.Brillion_ProductMustShell_Test" name="SSFA_SCJ_PRODUCT_MASTER_MUSTSELL_TC_1101_01" time="96.479">
    <error message="An unknown server-side error occurred while processing the command. Original error: &#039;POST /elements&#039; cannot be proxied to UiAutomator2 server because the instrumentation process is not running (probably crashed). Check the server log and/or the logcat output for more details
Build info: version: &#039;4.8.0&#039;, revision: &#039;267030adea&#039;
System info: os.name: &#039;Windows 10&#039;, os.arch: &#039;amd64&#039;, os.version: &#039;10.0&#039;, java.version: &#039;17.0.5&#039;
Driver info: io.appium.java_client.android.AndroidDriver
Command: [94a286fb-62a4-4659-b541-0b04e04409a7, findElements {using=id, value=com.botree.productsfa.scj:id/tvName}]
Capabilities {appium:app: C:\Users\balaji.vijayakumar..., appium:appPackage: com.botree.productsfa.scj, appium:automationName: UIAutomator2, appium:databaseEnabled: false, appium:desired: {app: C:\Users\balaji.vijayakumar..., automationName: UIAutomator2, deviceName: af78b531, platformName: android}, appium:deviceApiLevel: 30, appium:deviceManufacturer: realme, appium:deviceModel: RMX2170, appium:deviceName: af78b531, appium:deviceScreenDensity: 480, appium:deviceScreenSize: 1080x2400, appium:deviceUDID: af78b531, appium:javascriptEnabled: true, appium:locationContextEnabled: false, appium:networkConnectionEnabled: true, appium:pixelRatio: 3, appium:platformVersion: 11, appium:statBarHeight: 108, appium:takesScreenshot: true, appium:viewportRect: {height: 2182, left: 0, top: 108, width: 1080}, appium:warnings: {}, appium:webStorageEnabled: false, platformName: ANDROID}
Session ID: 94a286fb-62a4-4659-b541-0b04e04409a7" type="org.openqa.selenium.WebDriverException">
      <![CDATA[org.openqa.selenium.WebDriverException: An unknown server-side error occurred while processing the command. Original error: 'POST /elements' cannot be proxied to UiAutomator2 server because the instrumentation process is not running (probably crashed). Check the server log and/or the logcat output for more details
Build info: version: '4.8.0', revision: '267030adea'
System info: os.name: 'Windows 10', os.arch: 'amd64', os.version: '10.0', java.version: '17.0.5'
Driver info: io.appium.java_client.android.AndroidDriver
Command: [94a286fb-62a4-4659-b541-0b04e04409a7, findElements {using=id, value=com.botree.productsfa.scj:id/tvName}]
Capabilities {appium:app: C:\Users\balaji.vijayakumar..., appium:appPackage: com.botree.productsfa.scj, appium:automationName: UIAutomator2, appium:databaseEnabled: false, appium:desired: {app: C:\Users\balaji.vijayakumar..., automationName: UIAutomator2, deviceName: af78b531, platformName: android}, appium:deviceApiLevel: 30, appium:deviceManufacturer: realme, appium:deviceModel: RMX2170, appium:deviceName: af78b531, appium:deviceScreenDensity: 480, appium:deviceScreenSize: 1080x2400, appium:deviceUDID: af78b531, appium:javascriptEnabled: true, appium:locationContextEnabled: false, appium:networkConnectionEnabled: true, appium:pixelRatio: 3, appium:platformVersion: 11, appium:statBarHeight: 108, appium:takesScreenshot: true, appium:viewportRect: {height: 2182, left: 0, top: 108, width: 1080}, appium:warnings: {}, appium:webStorageEnabled: false, platformName: ANDROID}
Session ID: 94a286fb-62a4-4659-b541-0b04e04409a7
at java.base/jdk.internal.reflect.NativeConstructorAccessorImpl.newInstance0(Native Method)
at java.base/jdk.internal.reflect.NativeConstructorAccessorImpl.newInstance(NativeConstructorAccessorImpl.java:77)
at java.base/jdk.internal.reflect.DelegatingConstructorAccessorImpl.newInstance(DelegatingConstructorAccessorImpl.java:45)
at java.base/java.lang.reflect.Constructor.newInstanceWithCaller(Constructor.java:499)
at java.base/java.lang.reflect.Constructor.newInstance(Constructor.java:480)
at org.openqa.selenium.remote.codec.w3c.W3CHttpResponseCodec.createException(W3CHttpResponseCodec.java:200)
at org.openqa.selenium.remote.codec.w3c.W3CHttpResponseCodec.decode(W3CHttpResponseCodec.java:133)
at org.openqa.selenium.remote.codec.w3c.W3CHttpResponseCodec.decode(W3CHttpResponseCodec.java:53)
at org.openqa.selenium.remote.HttpCommandExecutor.execute(HttpCommandExecutor.java:184)
at io.appium.java_client.remote.AppiumCommandExecutor.execute(AppiumCommandExecutor.java:262)
at org.openqa.selenium.remote.RemoteWebDriver.execute(RemoteWebDriver.java:543)
at org.openqa.selenium.remote.ElementLocation$ElementFinder$2.findElements(ElementLocation.java:179)
at org.openqa.selenium.remote.ElementLocation.findElements(ElementLocation.java:102)
at org.openqa.selenium.remote.RemoteWebDriver.findElements(RemoteWebDriver.java:367)
at org.openqa.selenium.remote.RemoteWebDriver.findElements(RemoteWebDriver.java:359)
at org.openqa.selenium.support.pagefactory.DefaultElementLocator.findElements(DefaultElementLocator.java:87)
at org.openqa.selenium.support.pagefactory.internal.LocatingElementListHandler.invoke(LocatingElementListHandler.java:37)
at jdk.proxy2/jdk.proxy2.$Proxy19.iterator(Unknown Source)
at com.botree.utility.AndroidCommonUtility.iterateAndClick(AndroidCommonUtility.java:107)
at com.botree.Dashboard_Products_Page.Brillion_ProductMustShell_Page.clickOnDashboard(Brillion_ProductMustShell_Page.java:109)
at com.botree.Dashboard_Products_Test.Brillion_ProductMustShell_Test.SSFA_SCJ_PRODUCT_MASTER_MUSTSELL_TC_1101_01(Brillion_ProductMustShell_Test.java:32)
at java.base/jdk.internal.reflect.NativeMethodAccessorImpl.invoke0(Native Method)
at java.base/jdk.internal.reflect.NativeMethodAccessorImpl.invoke(NativeMethodAccessorImpl.java:77)
at java.base/jdk.internal.reflect.DelegatingMethodAccessorImpl.invoke(DelegatingMethodAccessorImpl.java:43)
at java.base/java.lang.reflect.Method.invoke(Method.java:568)
at org.testng.internal.MethodInvocationHelper.invokeMethod(MethodInvocationHelper.java:133)
at org.testng.internal.TestInvoker.invokeMethod(TestInvoker.java:598)
at org.testng.internal.TestInvoker.invokeTestMethod(TestInvoker.java:173)
at org.testng.internal.MethodRunner.runInSequence(MethodRunner.java:46)
at org.testng.internal.TestInvoker$MethodInvocationAgent.invoke(TestInvoker.java:824)
at org.testng.internal.TestInvoker.invokeTestMethods(TestInvoker.java:146)
at org.testng.internal.TestMethodWorker.invokeTestMethods(TestMethodWorker.java:146)
at org.testng.internal.TestMethodWorker.run(TestMethodWorker.java:128)
at java.base/java.util.ArrayList.forEach(ArrayList.java:1511)
at org.testng.TestRunner.privateRun(TestRunner.java:794)
at org.testng.TestRunner.run(TestRunner.java:596)
at org.testng.SuiteRunner.runTest(SuiteRunner.java:377)
at org.testng.SuiteRunner.runSequentially(SuiteRunner.java:371)
at org.testng.SuiteRunner.privateRun(SuiteRunner.java:332)
at org.testng.SuiteRunner.run(SuiteRunner.java:276)
at org.testng.SuiteRunnerWorker.runSuite(SuiteRunnerWorker.java:53)
at org.testng.SuiteRunnerWorker.run(SuiteRunnerWorker.java:96)
at org.testng.TestNG.runSuitesSequentially(TestNG.java:1212)
at org.testng.TestNG.runSuitesLocally(TestNG.java:1134)
at org.testng.TestNG.runSuites(TestNG.java:1063)
at org.testng.TestNG.run(TestNG.java:1031)
at org.testng.remote.AbstractRemoteTestNG.run(AbstractRemoteTestNG.java:115)
at org.testng.remote.RemoteTestNG.initAndRun(RemoteTestNG.java:251)
at org.testng.remote.RemoteTestNG.main(RemoteTestNG.java:77)
]]>
    </error>
  </testcase> <!-- SSFA_SCJ_PRODUCT_MASTER_MUSTSELL_TC_1101_01 -->
  <system-out/>
  <testcase classname="com.botree.Dashboard_Products_Test.Brillion_ProductMustShell_Test" name="SSFA_SCJ_PRODUCT_MASTER_MUSTSELL_TC_1101_03" time="2.103">
    <error message="An unknown server-side error occurred while processing the command. Original error: Cannot start the &#039;com.botree.productsfa.scj&#039; application. Consider checking the driver&#039;s troubleshooting documentation. Original error: Error executing adbExec. Original error: &#039;Command &#039;C:\\Users\\balaji.vijayakumar\\AppData\\Local\\Android\\Sdk\\platform-tools\\adb.exe -P 5037 -s af78b531 shell am start -W -n com.botree.productsfa.scj/com.botree.productsfa.main.LoginActivity -S&#039; exited with code 1&#039;; Command output: adb.exe: device &#039;af78b531&#039; not found

Build info: version: &#039;4.8.0&#039;, revision: &#039;267030adea&#039;
System info: os.name: &#039;Windows 10&#039;, os.arch: &#039;amd64&#039;, os.version: &#039;10.0&#039;, java.version: &#039;17.0.5&#039;
Driver info: io.appium.java_client.android.AndroidDriver
Command: [94a286fb-62a4-4659-b541-0b04e04409a7, startActivity {appPackage=com.botree.productsfa.scj, appActivity=com.botree.productsfa.main.LoginActivity, appWaitPackage=, appWaitActivity=, dontStopAppOnReset=false, intentAction=, intentCategory=, intentFlags=, optionalIntentArguments=}]
Capabilities {appium:app: C:\Users\balaji.vijayakumar..., appium:appPackage: com.botree.productsfa.scj, appium:automationName: UIAutomator2, appium:databaseEnabled: false, appium:desired: {app: C:\Users\balaji.vijayakumar..., automationName: UIAutomator2, deviceName: af78b531, platformName: android}, appium:deviceApiLevel: 30, appium:deviceManufacturer: realme, appium:deviceModel: RMX2170, appium:deviceName: af78b531, appium:deviceScreenDensity: 480, appium:deviceScreenSize: 1080x2400, appium:deviceUDID: af78b531, appium:javascriptEnabled: true, appium:locationContextEnabled: false, appium:networkConnectionEnabled: true, appium:pixelRatio: 3, appium:platformVersion: 11, appium:statBarHeight: 108, appium:takesScreenshot: true, appium:viewportRect: {height: 2182, left: 0, top: 108, width: 1080}, appium:warnings: {}, appium:webStorageEnabled: false, platformName: ANDROID}
Session ID: 94a286fb-62a4-4659-b541-0b04e04409a7" type="org.openqa.selenium.WebDriverException">
      <![CDATA[org.openqa.selenium.WebDriverException: An unknown server-side error occurred while processing the command. Original error: Cannot start the 'com.botree.productsfa.scj' application. Consider checking the driver's troubleshooting documentation. Original error: Error executing adbExec. Original error: 'Command 'C:\\Users\\balaji.vijayakumar\\AppData\\Local\\Android\\Sdk\\platform-tools\\adb.exe -P 5037 -s af78b531 shell am start -W -n com.botree.productsfa.scj/com.botree.productsfa.main.LoginActivity -S' exited with code 1'; Command output: adb.exe: device 'af78b531' not found

Build info: version: '4.8.0', revision: '267030adea'
System info: os.name: 'Windows 10', os.arch: 'amd64', os.version: '10.0', java.version: '17.0.5'
Driver info: io.appium.java_client.android.AndroidDriver
Command: [94a286fb-62a4-4659-b541-0b04e04409a7, startActivity {appPackage=com.botree.productsfa.scj, appActivity=com.botree.productsfa.main.LoginActivity, appWaitPackage=, appWaitActivity=, dontStopAppOnReset=false, intentAction=, intentCategory=, intentFlags=, optionalIntentArguments=}]
Capabilities {appium:app: C:\Users\balaji.vijayakumar..., appium:appPackage: com.botree.productsfa.scj, appium:automationName: UIAutomator2, appium:databaseEnabled: false, appium:desired: {app: C:\Users\balaji.vijayakumar..., automationName: UIAutomator2, deviceName: af78b531, platformName: android}, appium:deviceApiLevel: 30, appium:deviceManufacturer: realme, appium:deviceModel: RMX2170, appium:deviceName: af78b531, appium:deviceScreenDensity: 480, appium:deviceScreenSize: 1080x2400, appium:deviceUDID: af78b531, appium:javascriptEnabled: true, appium:locationContextEnabled: false, appium:networkConnectionEnabled: true, appium:pixelRatio: 3, appium:platformVersion: 11, appium:statBarHeight: 108, appium:takesScreenshot: true, appium:viewportRect: {height: 2182, left: 0, top: 108, width: 1080}, appium:warnings: {}, appium:webStorageEnabled: false, platformName: ANDROID}
Session ID: 94a286fb-62a4-4659-b541-0b04e04409a7
at java.base/jdk.internal.reflect.NativeConstructorAccessorImpl.newInstance0(Native Method)
at java.base/jdk.internal.reflect.NativeConstructorAccessorImpl.newInstance(NativeConstructorAccessorImpl.java:77)
at java.base/jdk.internal.reflect.DelegatingConstructorAccessorImpl.newInstance(DelegatingConstructorAccessorImpl.java:45)
at java.base/java.lang.reflect.Constructor.newInstanceWithCaller(Constructor.java:499)
at java.base/java.lang.reflect.Constructor.newInstance(Constructor.java:480)
at org.openqa.selenium.remote.codec.w3c.W3CHttpResponseCodec.createException(W3CHttpResponseCodec.java:200)
at org.openqa.selenium.remote.codec.w3c.W3CHttpResponseCodec.decode(W3CHttpResponseCodec.java:133)
at org.openqa.selenium.remote.codec.w3c.W3CHttpResponseCodec.decode(W3CHttpResponseCodec.java:53)
at org.openqa.selenium.remote.HttpCommandExecutor.execute(HttpCommandExecutor.java:184)
at io.appium.java_client.remote.AppiumCommandExecutor.execute(AppiumCommandExecutor.java:262)
at org.openqa.selenium.remote.RemoteWebDriver.execute(RemoteWebDriver.java:543)
at org.openqa.selenium.remote.RemoteWebDriver.execute(RemoteWebDriver.java:598)
at io.appium.java_client.AppiumDriver.execute(AppiumDriver.java:267)
at io.appium.java_client.CommandExecutionHelper.execute(CommandExecutionHelper.java:27)
at io.appium.java_client.android.StartsActivity.startActivity(StartsActivity.java:45)
at com.botree.utility.AndroidCommonUtility.setActivity(AndroidCommonUtility.java:126)
at com.botree.Dashboard_Products_Page.Brillion_ProductMustShell_Page.setActivity(Brillion_ProductMustShell_Page.java:157)
at com.botree.Dashboard_Products_Test.Brillion_ProductMustShell_Test.SSFA_SCJ_PRODUCT_MASTER_MUSTSELL_TC_1101_03(Brillion_ProductMustShell_Test.java:55)
at java.base/jdk.internal.reflect.NativeMethodAccessorImpl.invoke0(Native Method)
at java.base/jdk.internal.reflect.NativeMethodAccessorImpl.invoke(NativeMethodAccessorImpl.java:77)
at java.base/jdk.internal.reflect.DelegatingMethodAccessorImpl.invoke(DelegatingMethodAccessorImpl.java:43)
at java.base/java.lang.reflect.Method.invoke(Method.java:568)
at org.testng.internal.MethodInvocationHelper.invokeMethod(MethodInvocationHelper.java:133)
at org.testng.internal.TestInvoker.invokeMethod(TestInvoker.java:598)
at org.testng.internal.TestInvoker.invokeTestMethod(TestInvoker.java:173)
at org.testng.internal.MethodRunner.runInSequence(MethodRunner.java:46)
at org.testng.internal.TestInvoker$MethodInvocationAgent.invoke(TestInvoker.java:824)
at org.testng.internal.TestInvoker.invokeTestMethods(TestInvoker.java:146)
at org.testng.internal.TestMethodWorker.invokeTestMethods(TestMethodWorker.java:146)
at org.testng.internal.TestMethodWorker.run(TestMethodWorker.java:128)
at java.base/java.util.ArrayList.forEach(ArrayList.java:1511)
at org.testng.TestRunner.privateRun(TestRunner.java:794)
at org.testng.TestRunner.run(TestRunner.java:596)
at org.testng.SuiteRunner.runTest(SuiteRunner.java:377)
at org.testng.SuiteRunner.runSequentially(SuiteRunner.java:371)
at org.testng.SuiteRunner.privateRun(SuiteRunner.java:332)
at org.testng.SuiteRunner.run(SuiteRunner.java:276)
at org.testng.SuiteRunnerWorker.runSuite(SuiteRunnerWorker.java:53)
at org.testng.SuiteRunnerWorker.run(SuiteRunnerWorker.java:96)
at org.testng.TestNG.runSuitesSequentially(TestNG.java:1212)
at org.testng.TestNG.runSuitesLocally(TestNG.java:1134)
at org.testng.TestNG.runSuites(TestNG.java:1063)
at org.testng.TestNG.run(TestNG.java:1031)
at org.testng.remote.AbstractRemoteTestNG.run(AbstractRemoteTestNG.java:115)
at org.testng.remote.RemoteTestNG.initAndRun(RemoteTestNG.java:251)
at org.testng.remote.RemoteTestNG.main(RemoteTestNG.java:77)
]]>
    </error>
  </testcase> <!-- SSFA_SCJ_PRODUCT_MASTER_MUSTSELL_TC_1101_03 -->
  <system-out/>
  <testcase classname="com.botree.Dashboard_Products_Test.Brillion_ProductMustShell_Test" name="SSFA_SCJ_PRODUCT_MASTER_MUSTSELL_TC_1101_04" time="2.058">
    <error message="An unknown server-side error occurred while processing the command. Original error: Cannot start the &#039;com.botree.productsfa.scj&#039; application. Consider checking the driver&#039;s troubleshooting documentation. Original error: Error executing adbExec. Original error: &#039;Command &#039;C:\\Users\\balaji.vijayakumar\\AppData\\Local\\Android\\Sdk\\platform-tools\\adb.exe -P 5037 -s af78b531 shell am start -W -n com.botree.productsfa.scj/com.botree.productsfa.main.LoginActivity -S&#039; exited with code 1&#039;; Command output: adb.exe: device &#039;af78b531&#039; not found

Build info: version: &#039;4.8.0&#039;, revision: &#039;267030adea&#039;
System info: os.name: &#039;Windows 10&#039;, os.arch: &#039;amd64&#039;, os.version: &#039;10.0&#039;, java.version: &#039;17.0.5&#039;
Driver info: io.appium.java_client.android.AndroidDriver
Command: [94a286fb-62a4-4659-b541-0b04e04409a7, startActivity {appPackage=com.botree.productsfa.scj, appActivity=com.botree.productsfa.main.LoginActivity, appWaitPackage=, appWaitActivity=, dontStopAppOnReset=false, intentAction=, intentCategory=, intentFlags=, optionalIntentArguments=}]
Capabilities {appium:app: C:\Users\balaji.vijayakumar..., appium:appPackage: com.botree.productsfa.scj, appium:automationName: UIAutomator2, appium:databaseEnabled: false, appium:desired: {app: C:\Users\balaji.vijayakumar..., automationName: UIAutomator2, deviceName: af78b531, platformName: android}, appium:deviceApiLevel: 30, appium:deviceManufacturer: realme, appium:deviceModel: RMX2170, appium:deviceName: af78b531, appium:deviceScreenDensity: 480, appium:deviceScreenSize: 1080x2400, appium:deviceUDID: af78b531, appium:javascriptEnabled: true, appium:locationContextEnabled: false, appium:networkConnectionEnabled: true, appium:pixelRatio: 3, appium:platformVersion: 11, appium:statBarHeight: 108, appium:takesScreenshot: true, appium:viewportRect: {height: 2182, left: 0, top: 108, width: 1080}, appium:warnings: {}, appium:webStorageEnabled: false, platformName: ANDROID}
Session ID: 94a286fb-62a4-4659-b541-0b04e04409a7" type="org.openqa.selenium.WebDriverException">
      <![CDATA[org.openqa.selenium.WebDriverException: An unknown server-side error occurred while processing the command. Original error: Cannot start the 'com.botree.productsfa.scj' application. Consider checking the driver's troubleshooting documentation. Original error: Error executing adbExec. Original error: 'Command 'C:\\Users\\balaji.vijayakumar\\AppData\\Local\\Android\\Sdk\\platform-tools\\adb.exe -P 5037 -s af78b531 shell am start -W -n com.botree.productsfa.scj/com.botree.productsfa.main.LoginActivity -S' exited with code 1'; Command output: adb.exe: device 'af78b531' not found

Build info: version: '4.8.0', revision: '267030adea'
System info: os.name: 'Windows 10', os.arch: 'amd64', os.version: '10.0', java.version: '17.0.5'
Driver info: io.appium.java_client.android.AndroidDriver
Command: [94a286fb-62a4-4659-b541-0b04e04409a7, startActivity {appPackage=com.botree.productsfa.scj, appActivity=com.botree.productsfa.main.LoginActivity, appWaitPackage=, appWaitActivity=, dontStopAppOnReset=false, intentAction=, intentCategory=, intentFlags=, optionalIntentArguments=}]
Capabilities {appium:app: C:\Users\balaji.vijayakumar..., appium:appPackage: com.botree.productsfa.scj, appium:automationName: UIAutomator2, appium:databaseEnabled: false, appium:desired: {app: C:\Users\balaji.vijayakumar..., automationName: UIAutomator2, deviceName: af78b531, platformName: android}, appium:deviceApiLevel: 30, appium:deviceManufacturer: realme, appium:deviceModel: RMX2170, appium:deviceName: af78b531, appium:deviceScreenDensity: 480, appium:deviceScreenSize: 1080x2400, appium:deviceUDID: af78b531, appium:javascriptEnabled: true, appium:locationContextEnabled: false, appium:networkConnectionEnabled: true, appium:pixelRatio: 3, appium:platformVersion: 11, appium:statBarHeight: 108, appium:takesScreenshot: true, appium:viewportRect: {height: 2182, left: 0, top: 108, width: 1080}, appium:warnings: {}, appium:webStorageEnabled: false, platformName: ANDROID}
Session ID: 94a286fb-62a4-4659-b541-0b04e04409a7
at java.base/jdk.internal.reflect.NativeConstructorAccessorImpl.newInstance0(Native Method)
at java.base/jdk.internal.reflect.NativeConstructorAccessorImpl.newInstance(NativeConstructorAccessorImpl.java:77)
at java.base/jdk.internal.reflect.DelegatingConstructorAccessorImpl.newInstance(DelegatingConstructorAccessorImpl.java:45)
at java.base/java.lang.reflect.Constructor.newInstanceWithCaller(Constructor.java:499)
at java.base/java.lang.reflect.Constructor.newInstance(Constructor.java:480)
at org.openqa.selenium.remote.codec.w3c.W3CHttpResponseCodec.createException(W3CHttpResponseCodec.java:200)
at org.openqa.selenium.remote.codec.w3c.W3CHttpResponseCodec.decode(W3CHttpResponseCodec.java:133)
at org.openqa.selenium.remote.codec.w3c.W3CHttpResponseCodec.decode(W3CHttpResponseCodec.java:53)
at org.openqa.selenium.remote.HttpCommandExecutor.execute(HttpCommandExecutor.java:184)
at io.appium.java_client.remote.AppiumCommandExecutor.execute(AppiumCommandExecutor.java:262)
at org.openqa.selenium.remote.RemoteWebDriver.execute(RemoteWebDriver.java:543)
at org.openqa.selenium.remote.RemoteWebDriver.execute(RemoteWebDriver.java:598)
at io.appium.java_client.AppiumDriver.execute(AppiumDriver.java:267)
at io.appium.java_client.CommandExecutionHelper.execute(CommandExecutionHelper.java:27)
at io.appium.java_client.android.StartsActivity.startActivity(StartsActivity.java:45)
at com.botree.utility.AndroidCommonUtility.setActivity(AndroidCommonUtility.java:126)
at com.botree.Dashboard_Products_Page.Brillion_ProductMustShell_Page.setActivity(Brillion_ProductMustShell_Page.java:157)
at com.botree.Dashboard_Products_Test.Brillion_ProductMustShell_Test.SSFA_SCJ_PRODUCT_MASTER_MUSTSELL_TC_1101_04(Brillion_ProductMustShell_Test.java:77)
at java.base/jdk.internal.reflect.NativeMethodAccessorImpl.invoke0(Native Method)
at java.base/jdk.internal.reflect.NativeMethodAccessorImpl.invoke(NativeMethodAccessorImpl.java:77)
at java.base/jdk.internal.reflect.DelegatingMethodAccessorImpl.invoke(DelegatingMethodAccessorImpl.java:43)
at java.base/java.lang.reflect.Method.invoke(Method.java:568)
at org.testng.internal.MethodInvocationHelper.invokeMethod(MethodInvocationHelper.java:133)
at org.testng.internal.TestInvoker.invokeMethod(TestInvoker.java:598)
at org.testng.internal.TestInvoker.invokeTestMethod(TestInvoker.java:173)
at org.testng.internal.MethodRunner.runInSequence(MethodRunner.java:46)
at org.testng.internal.TestInvoker$MethodInvocationAgent.invoke(TestInvoker.java:824)
at org.testng.internal.TestInvoker.invokeTestMethods(TestInvoker.java:146)
at org.testng.internal.TestMethodWorker.invokeTestMethods(TestMethodWorker.java:146)
at org.testng.internal.TestMethodWorker.run(TestMethodWorker.java:128)
at java.base/java.util.ArrayList.forEach(ArrayList.java:1511)
at org.testng.TestRunner.privateRun(TestRunner.java:794)
at org.testng.TestRunner.run(TestRunner.java:596)
at org.testng.SuiteRunner.runTest(SuiteRunner.java:377)
at org.testng.SuiteRunner.runSequentially(SuiteRunner.java:371)
at org.testng.SuiteRunner.privateRun(SuiteRunner.java:332)
at org.testng.SuiteRunner.run(SuiteRunner.java:276)
at org.testng.SuiteRunnerWorker.runSuite(SuiteRunnerWorker.java:53)
at org.testng.SuiteRunnerWorker.run(SuiteRunnerWorker.java:96)
at org.testng.TestNG.runSuitesSequentially(TestNG.java:1212)
at org.testng.TestNG.runSuitesLocally(TestNG.java:1134)
at org.testng.TestNG.runSuites(TestNG.java:1063)
at org.testng.TestNG.run(TestNG.java:1031)
at org.testng.remote.AbstractRemoteTestNG.run(AbstractRemoteTestNG.java:115)
at org.testng.remote.RemoteTestNG.initAndRun(RemoteTestNG.java:251)
at org.testng.remote.RemoteTestNG.main(RemoteTestNG.java:77)
]]>
    </error>
  </testcase> <!-- SSFA_SCJ_PRODUCT_MASTER_MUSTSELL_TC_1101_04 -->
  <system-out/>
  <testcase classname="com.botree.Dashboard_Products_Test.Brillion_ProductMustShell_Test" name="SSFA_SCJ_PRODUCT_MASTER_MUSTSELL_TC_1101_05" time="2.063">
    <error message="An unknown server-side error occurred while processing the command. Original error: Cannot start the &#039;com.botree.productsfa.scj&#039; application. Consider checking the driver&#039;s troubleshooting documentation. Original error: Error executing adbExec. Original error: &#039;Command &#039;C:\\Users\\balaji.vijayakumar\\AppData\\Local\\Android\\Sdk\\platform-tools\\adb.exe -P 5037 -s af78b531 shell am start -W -n com.botree.productsfa.scj/com.botree.productsfa.main.LoginActivity -S&#039; exited with code 1&#039;; Command output: adb.exe: device &#039;af78b531&#039; not found

Build info: version: &#039;4.8.0&#039;, revision: &#039;267030adea&#039;
System info: os.name: &#039;Windows 10&#039;, os.arch: &#039;amd64&#039;, os.version: &#039;10.0&#039;, java.version: &#039;17.0.5&#039;
Driver info: io.appium.java_client.android.AndroidDriver
Command: [94a286fb-62a4-4659-b541-0b04e04409a7, startActivity {appPackage=com.botree.productsfa.scj, appActivity=com.botree.productsfa.main.LoginActivity, appWaitPackage=, appWaitActivity=, dontStopAppOnReset=false, intentAction=, intentCategory=, intentFlags=, optionalIntentArguments=}]
Capabilities {appium:app: C:\Users\balaji.vijayakumar..., appium:appPackage: com.botree.productsfa.scj, appium:automationName: UIAutomator2, appium:databaseEnabled: false, appium:desired: {app: C:\Users\balaji.vijayakumar..., automationName: UIAutomator2, deviceName: af78b531, platformName: android}, appium:deviceApiLevel: 30, appium:deviceManufacturer: realme, appium:deviceModel: RMX2170, appium:deviceName: af78b531, appium:deviceScreenDensity: 480, appium:deviceScreenSize: 1080x2400, appium:deviceUDID: af78b531, appium:javascriptEnabled: true, appium:locationContextEnabled: false, appium:networkConnectionEnabled: true, appium:pixelRatio: 3, appium:platformVersion: 11, appium:statBarHeight: 108, appium:takesScreenshot: true, appium:viewportRect: {height: 2182, left: 0, top: 108, width: 1080}, appium:warnings: {}, appium:webStorageEnabled: false, platformName: ANDROID}
Session ID: 94a286fb-62a4-4659-b541-0b04e04409a7" type="org.openqa.selenium.WebDriverException">
      <![CDATA[org.openqa.selenium.WebDriverException: An unknown server-side error occurred while processing the command. Original error: Cannot start the 'com.botree.productsfa.scj' application. Consider checking the driver's troubleshooting documentation. Original error: Error executing adbExec. Original error: 'Command 'C:\\Users\\balaji.vijayakumar\\AppData\\Local\\Android\\Sdk\\platform-tools\\adb.exe -P 5037 -s af78b531 shell am start -W -n com.botree.productsfa.scj/com.botree.productsfa.main.LoginActivity -S' exited with code 1'; Command output: adb.exe: device 'af78b531' not found

Build info: version: '4.8.0', revision: '267030adea'
System info: os.name: 'Windows 10', os.arch: 'amd64', os.version: '10.0', java.version: '17.0.5'
Driver info: io.appium.java_client.android.AndroidDriver
Command: [94a286fb-62a4-4659-b541-0b04e04409a7, startActivity {appPackage=com.botree.productsfa.scj, appActivity=com.botree.productsfa.main.LoginActivity, appWaitPackage=, appWaitActivity=, dontStopAppOnReset=false, intentAction=, intentCategory=, intentFlags=, optionalIntentArguments=}]
Capabilities {appium:app: C:\Users\balaji.vijayakumar..., appium:appPackage: com.botree.productsfa.scj, appium:automationName: UIAutomator2, appium:databaseEnabled: false, appium:desired: {app: C:\Users\balaji.vijayakumar..., automationName: UIAutomator2, deviceName: af78b531, platformName: android}, appium:deviceApiLevel: 30, appium:deviceManufacturer: realme, appium:deviceModel: RMX2170, appium:deviceName: af78b531, appium:deviceScreenDensity: 480, appium:deviceScreenSize: 1080x2400, appium:deviceUDID: af78b531, appium:javascriptEnabled: true, appium:locationContextEnabled: false, appium:networkConnectionEnabled: true, appium:pixelRatio: 3, appium:platformVersion: 11, appium:statBarHeight: 108, appium:takesScreenshot: true, appium:viewportRect: {height: 2182, left: 0, top: 108, width: 1080}, appium:warnings: {}, appium:webStorageEnabled: false, platformName: ANDROID}
Session ID: 94a286fb-62a4-4659-b541-0b04e04409a7
at java.base/jdk.internal.reflect.NativeConstructorAccessorImpl.newInstance0(Native Method)
at java.base/jdk.internal.reflect.NativeConstructorAccessorImpl.newInstance(NativeConstructorAccessorImpl.java:77)
at java.base/jdk.internal.reflect.DelegatingConstructorAccessorImpl.newInstance(DelegatingConstructorAccessorImpl.java:45)
at java.base/java.lang.reflect.Constructor.newInstanceWithCaller(Constructor.java:499)
at java.base/java.lang.reflect.Constructor.newInstance(Constructor.java:480)
at org.openqa.selenium.remote.codec.w3c.W3CHttpResponseCodec.createException(W3CHttpResponseCodec.java:200)
at org.openqa.selenium.remote.codec.w3c.W3CHttpResponseCodec.decode(W3CHttpResponseCodec.java:133)
at org.openqa.selenium.remote.codec.w3c.W3CHttpResponseCodec.decode(W3CHttpResponseCodec.java:53)
at org.openqa.selenium.remote.HttpCommandExecutor.execute(HttpCommandExecutor.java:184)
at io.appium.java_client.remote.AppiumCommandExecutor.execute(AppiumCommandExecutor.java:262)
at org.openqa.selenium.remote.RemoteWebDriver.execute(RemoteWebDriver.java:543)
at org.openqa.selenium.remote.RemoteWebDriver.execute(RemoteWebDriver.java:598)
at io.appium.java_client.AppiumDriver.execute(AppiumDriver.java:267)
at io.appium.java_client.CommandExecutionHelper.execute(CommandExecutionHelper.java:27)
at io.appium.java_client.android.StartsActivity.startActivity(StartsActivity.java:45)
at com.botree.utility.AndroidCommonUtility.setActivity(AndroidCommonUtility.java:126)
at com.botree.Dashboard_Products_Page.Brillion_ProductMustShell_Page.setActivity(Brillion_ProductMustShell_Page.java:157)
at com.botree.Dashboard_Products_Test.Brillion_ProductMustShell_Test.SSFA_SCJ_PRODUCT_MASTER_MUSTSELL_TC_1101_05(Brillion_ProductMustShell_Test.java:100)
at java.base/jdk.internal.reflect.NativeMethodAccessorImpl.invoke0(Native Method)
at java.base/jdk.internal.reflect.NativeMethodAccessorImpl.invoke(NativeMethodAccessorImpl.java:77)
at java.base/jdk.internal.reflect.DelegatingMethodAccessorImpl.invoke(DelegatingMethodAccessorImpl.java:43)
at java.base/java.lang.reflect.Method.invoke(Method.java:568)
at org.testng.internal.MethodInvocationHelper.invokeMethod(MethodInvocationHelper.java:133)
at org.testng.internal.TestInvoker.invokeMethod(TestInvoker.java:598)
at org.testng.internal.TestInvoker.invokeTestMethod(TestInvoker.java:173)
at org.testng.internal.MethodRunner.runInSequence(MethodRunner.java:46)
at org.testng.internal.TestInvoker$MethodInvocationAgent.invoke(TestInvoker.java:824)
at org.testng.internal.TestInvoker.invokeTestMethods(TestInvoker.java:146)
at org.testng.internal.TestMethodWorker.invokeTestMethods(TestMethodWorker.java:146)
at org.testng.internal.TestMethodWorker.run(TestMethodWorker.java:128)
at java.base/java.util.ArrayList.forEach(ArrayList.java:1511)
at org.testng.TestRunner.privateRun(TestRunner.java:794)
at org.testng.TestRunner.run(TestRunner.java:596)
at org.testng.SuiteRunner.runTest(SuiteRunner.java:377)
at org.testng.SuiteRunner.runSequentially(SuiteRunner.java:371)
at org.testng.SuiteRunner.privateRun(SuiteRunner.java:332)
at org.testng.SuiteRunner.run(SuiteRunner.java:276)
at org.testng.SuiteRunnerWorker.runSuite(SuiteRunnerWorker.java:53)
at org.testng.SuiteRunnerWorker.run(SuiteRunnerWorker.java:96)
at org.testng.TestNG.runSuitesSequentially(TestNG.java:1212)
at org.testng.TestNG.runSuitesLocally(TestNG.java:1134)
at org.testng.TestNG.runSuites(TestNG.java:1063)
at org.testng.TestNG.run(TestNG.java:1031)
at org.testng.remote.AbstractRemoteTestNG.run(AbstractRemoteTestNG.java:115)
at org.testng.remote.RemoteTestNG.initAndRun(RemoteTestNG.java:251)
at org.testng.remote.RemoteTestNG.main(RemoteTestNG.java:77)
]]>
    </error>
  </testcase> <!-- SSFA_SCJ_PRODUCT_MASTER_MUSTSELL_TC_1101_05 -->
  <system-out/>
</testsuite> <!-- com.botree.Dashboard_Products_Test.Brillion_ProductMustShell_Test -->
