<?xml version="1.0" encoding="UTF-8"?>
<!-- Generated by org.testng.reporters.JUnitReportReporter -->
<testsuite hostname="PG03KMMT" failures="0" tests="5" name="com.botree.Dashboard_Products_Test.Brillion_Product_Master_Test" time="61.564" errors="0" timestamp="2023-02-24T16:07:34 IST" skipped="0">
  <testcase classname="com.botree.Dashboard_Products_Test.Brillion_Product_Master_Test" name="SSFA_SCJ_PRODUCT_MASTER_TC_901_01" time="4.396"/>
  <system-out/>
  <testcase classname="com.botree.Dashboard_Products_Test.Brillion_Product_Master_Test" name="SSFA_SCJ_PRODUCT_MASTER_SCHEME_TC_1000_03" time="12.894"/>
  <system-out/>
  <testcase classname="com.botree.Dashboard_Products_Test.Brillion_Product_Master_Test" name="SSFA_SCJ_PRODUCT_MASTER_TC_901_04" time="14.300"/>
  <system-out/>
  <testcase classname="com.botree.Dashboard_Products_Test.Brillion_Product_Master_Test" name="SSFA_SCJ_PRODUCT_MASTER_TC_901_05" time="14.562"/>
  <system-out/>
  <testcase classname="com.botree.Dashboard_Products_Test.Brillion_Product_Master_Test" name="SSFA_SCJ_PRODUCT_MASTER_TC_901_06" time="15.412"/>
  <system-out/>
</testsuite> <!-- com.botree.Dashboard_Products_Test.Brillion_Product_Master_Test -->
