<?xml version="1.0" encoding="UTF-8"?>
<!-- Generated by org.testng.reporters.JUnitReportReporter -->
<testsuite hostname="PG03KMMT" failures="0" tests="4" name="com.botree.Dashboard_Products_Test.Brillion_ProductMaster_Scheme_Test" time="4.591" errors="0" timestamp="2023-02-26T21:48:43 IST" skipped="3">
  <testcase classname="com.botree.Dashboard_Products_Test.Brillion_ProductMaster_Scheme_Test" name="SSFA_SCJ_PRODUCT_MASTER_SCHEME_TC_1000_01" time="4.591"/>
  <system-out/>
  <testcase classname="com.botree.Dashboard_Products_Test.Brillion_ProductMaster_Scheme_Test" name="SSFA_SCJ_PRODUCT_MASTER_SCHEME_TC_1000_04">
    <skipped/>
  </testcase> <!-- SSFA_SCJ_PRODUCT_MASTER_SCHEME_TC_1000_04 -->
  <system-out/>
  <testcase classname="com.botree.Dashboard_Products_Test.Brillion_ProductMaster_Scheme_Test" name="SSFA_SCJ_PRODUCT_MASTER_SCHEME_TC_1000_03">
    <skipped/>
  </testcase> <!-- SSFA_SCJ_PRODUCT_MASTER_SCHEME_TC_1000_03 -->
  <system-out/>
  <testcase classname="com.botree.Dashboard_Products_Test.Brillion_ProductMaster_Scheme_Test" name="SSFA_SCJ_PRODUCT_MASTER_SCHEME_TC_1000_05">
    <skipped/>
  </testcase> <!-- SSFA_SCJ_PRODUCT_MASTER_SCHEME_TC_1000_05 -->
  <system-out/>
</testsuite> <!-- com.botree.Dashboard_Products_Test.Brillion_ProductMaster_Scheme_Test -->
