<?xml version="1.0" encoding="UTF-8"?>
<!-- Generated by org.testng.reporters.JUnitReportReporter -->
<testsuite hostname="PG03KMMT" failures="0" tests="1" name="sCJ_Brillion_Test.Brillion_AttendanceTest" time="38.671" errors="0" timestamp="2023-02-14T17:02:28 IST" skipped="0">
  <testcase classname="sCJ_Brillion_Test.Brillion_AttendanceTest" name="Attendance" time="38.671"/>
  <system-out/>
</testsuite> <!-- sCJ_Brillion_Test.Brillion_AttendanceTest -->
