<?xml version="1.0" encoding="UTF-8"?>
<!-- Generated by org.testng.reporters.JUnitReportReporter -->
<testsuite hostname="PG03KMMT" failures="0" tests="2" name="com.botree.Brillion_Test.Brillion_LoginTest" time="15.672" errors="0" timestamp="2023-02-26T21:48:43 IST" skipped="0">
  <testcase classname="com.botree.Brillion_Test.Brillion_LoginTest" name="permission" time="5.956"/>
  <system-out/>
  <testcase classname="com.botree.Brillion_Test.Brillion_LoginTest" name="Loginpage" time="9.716"/>
  <system-out/>
</testsuite> <!-- com.botree.Brillion_Test.Brillion_LoginTest -->
