<?xml version="1.0" encoding="UTF-8"?>
<!-- Generated by org.testng.reporters.JUnitReportReporter -->
<testsuite hostname="PG03KMMT" failures="0" tests="2" name="sCJ_Brillion_Test.Brillion_LoginTest" time="9.100" errors="0" timestamp="2023-02-14T17:02:28 IST" skipped="0">
  <testcase classname="sCJ_Brillion_Test.Brillion_LoginTest" name="permission" time="5.073"/>
  <system-out/>
  <testcase classname="sCJ_Brillion_Test.Brillion_LoginTest" name="Loginpage" time="4.027"/>
  <system-out/>
</testsuite> <!-- sCJ_Brillion_Test.Brillion_LoginTest -->
