<?xml version="1.0" encoding="UTF-8"?>
<!-- Generated by org.testng.reporters.JUnitReportReporter -->
<testsuite hostname="PG02PX68" failures="0" tests="2" name="com.botree.Marico_Test.Brillion_AttendanceTest" time="6.935" errors="1" timestamp="2023-07-06T22:51:48 IST" skipped="1">
  <testcase classname="com.botree.Marico_Test.Brillion_AttendanceTest" name="configureAppium" time="6.935">
    <error message="Could not start a new session. Response code 500. Message: An unknown server-side error occurred while processing the command. Original error: The application at &#039;C:\Users\banupriya.j\Appium\Coding_Assignment_Famework\Coding_assignment\APK\app-marico-release-van-30-05-2023.apk&#039; does not exist or is not accessible 
Host info: host: &#039;PG02PX68&#039;, ip: &#039;192.168.1.100&#039;
Build info: version: &#039;4.8.0&#039;, revision: &#039;267030adea&#039;
System info: os.name: &#039;Windows 10&#039;, os.arch: &#039;amd64&#039;, os.version: &#039;10.0&#039;, java.version: &#039;18.0.1&#039;
Driver info: io.appium.java_client.android.AndroidDriver
Command: [null, newSession {capabilities=[{appium:deviceName=MobileTest, platformName=ANDROID, appium:automationName=UIAutomator2, appium:app=C:\Users\banupriya.j\Appium\Coding_Assignment_Famework\Coding_assignment\APK\app-marico-release-van-30-05-2023.apk}], desiredCapabilities=Capabilities {appium:app: C:\Users\banupriya.j\Appium..., appium:automationName: UIAutomator2, appium:deviceName: MobileTest, platformName: ANDROID}}]
Capabilities {}" type="org.openqa.selenium.SessionNotCreatedException">
      <![CDATA[org.openqa.selenium.SessionNotCreatedException: Could not start a new session. Response code 500. Message: An unknown server-side error occurred while processing the command. Original error: The application at 'C:\Users\banupriya.j\Appium\Coding_Assignment_Famework\Coding_assignment\APK\app-marico-release-van-30-05-2023.apk' does not exist or is not accessible 
Host info: host: 'PG02PX68', ip: '192.168.1.100'
Build info: version: '4.8.0', revision: '267030adea'
System info: os.name: 'Windows 10', os.arch: 'amd64', os.version: '10.0', java.version: '18.0.1'
Driver info: io.appium.java_client.android.AndroidDriver
Command: [null, newSession {capabilities=[{appium:deviceName=MobileTest, platformName=ANDROID, appium:automationName=UIAutomator2, appium:app=C:\Users\banupriya.j\Appium\Coding_Assignment_Famework\Coding_assignment\APK\app-marico-release-van-30-05-2023.apk}], desiredCapabilities=Capabilities {appium:app: C:\Users\banupriya.j\Appium..., appium:automationName: UIAutomator2, appium:deviceName: MobileTest, platformName: ANDROID}}]
Capabilities {}
at org.openqa.selenium.remote.ProtocolHandshake.createSession(ProtocolHandshake.java:148)
at java.base/jdk.internal.reflect.DirectMethodHandleAccessor.invoke(DirectMethodHandleAccessor.java:104)
at java.base/java.lang.reflect.Method.invoke(Method.java:577)
at io.appium.java_client.remote.AppiumProtocolHandshake.createSession(AppiumProtocolHandshake.java:133)
at io.appium.java_client.remote.AppiumProtocolHandshake.createSession(AppiumProtocolHandshake.java:102)
at io.appium.java_client.remote.AppiumCommandExecutor.createSession(AppiumCommandExecutor.java:194)
at io.appium.java_client.remote.AppiumCommandExecutor.execute(AppiumCommandExecutor.java:262)
at org.openqa.selenium.remote.RemoteWebDriver.execute(RemoteWebDriver.java:543)
at io.appium.java_client.AppiumDriver.startSession(AppiumDriver.java:229)
at org.openqa.selenium.remote.RemoteWebDriver.<init>(RemoteWebDriver.java:157)
at io.appium.java_client.AppiumDriver.<init>(AppiumDriver.java:80)
at io.appium.java_client.AppiumDriver.<init>(AppiumDriver.java:92)
at io.appium.java_client.android.AndroidDriver.<init>(AndroidDriver.java:117)
at com.botree.utility.BaseTest_Listener.initiateAndroidDriver(BaseTest_Listener.java:60)
at com.botree.utility.BaseTest_Listener.configureAppium(BaseTest_Listener.java:52)
at java.base/jdk.internal.reflect.DirectMethodHandleAccessor.invoke(DirectMethodHandleAccessor.java:104)
at java.base/java.lang.reflect.Method.invoke(Method.java:577)
at org.testng.internal.MethodInvocationHelper.invokeMethod(MethodInvocationHelper.java:133)
at org.testng.internal.MethodInvocationHelper.invokeMethodConsideringTimeout(MethodInvocationHelper.java:62)
at org.testng.internal.ConfigInvoker.invokeConfigurationMethod(ConfigInvoker.java:385)
at org.testng.internal.ConfigInvoker.invokeConfigurations(ConfigInvoker.java:321)
at org.testng.SuiteRunner.privateRun(SuiteRunner.java:317)
at org.testng.SuiteRunner.run(SuiteRunner.java:276)
at org.testng.SuiteRunnerWorker.runSuite(SuiteRunnerWorker.java:53)
at org.testng.SuiteRunnerWorker.run(SuiteRunnerWorker.java:96)
at org.testng.TestNG.runSuitesSequentially(TestNG.java:1212)
at org.testng.TestNG.runSuitesLocally(TestNG.java:1134)
at org.testng.TestNG.runSuites(TestNG.java:1063)
at org.testng.TestNG.run(TestNG.java:1031)
at org.testng.remote.AbstractRemoteTestNG.run(AbstractRemoteTestNG.java:115)
at org.testng.remote.RemoteTestNG.initAndRun(RemoteTestNG.java:251)
at org.testng.remote.RemoteTestNG.main(RemoteTestNG.java:77)
]]>
    </error>
  </testcase> <!-- configureAppium -->
  <system-out/>
  <testcase classname="com.botree.Marico_Test.Brillion_AttendanceTest" name="Attendance" time="0.000">
    <skipped/>
  </testcase> <!-- Attendance -->
  <system-out/>
</testsuite> <!-- com.botree.Marico_Test.Brillion_AttendanceTest -->
