<?xml version="1.0" encoding="UTF-8"?>
<!-- Generated by org.testng.reporters.JUnitReportReporter -->
<testsuite hostname="PG03KMMT" failures="0" tests="1" name="com.botree.Brillion_Test.Brilliion_Stock_Take_Test" time="43.367" errors="0" timestamp="2023-02-23T16:55:43 IST" skipped="0">
  <testcase classname="com.botree.Brillion_Test.Brilliion_Stock_Take_Test" name="StockTake" time="43.367"/>
  <system-out/>
</testsuite> <!-- com.botree.Brillion_Test.Brilliion_Stock_Take_Test -->
