<?xml version="1.0" encoding="UTF-8"?>
<!-- Generated by org.testng.reporters.JUnitReportReporter -->
<testsuite hostname="PG03KMMT" failures="0" tests="3" name="sCJ_Brillion_Test.SCJ_Brillion_TestPage" time="45.936" errors="0" timestamp="2023-02-13T11:26:49 IST" skipped="0">
  <testcase classname="sCJ_Brillion_Test.SCJ_Brillion_TestPage" name="permission" time="5.786"/>
  <system-out/>
  <testcase classname="sCJ_Brillion_Test.SCJ_Brillion_TestPage" name="Loginpage" time="7.459"/>
  <system-out/>
  <testcase classname="sCJ_Brillion_Test.SCJ_Brillion_TestPage" name="Attendance" time="32.691"/>
  <system-out/>
</testsuite> <!-- sCJ_Brillion_Test.SCJ_Brillion_TestPage -->
