<?xml version="1.0" encoding="UTF-8"?>
<!-- Generated by org.testng.reporters.JUnitReportReporter -->
<testsuite hostname="PG03KMMT" failures="0" tests="1" name="com.botree.Brillion_Test.DemoOnRealdevcice" time="1.241" errors="0" timestamp="2023-02-26T21:09:05 IST" skipped="0">
  <testcase classname="com.botree.Brillion_Test.DemoOnRealdevcice" name="demo" time="1.241"/>
  <system-out/>
</testsuite> <!-- com.botree.Brillion_Test.DemoOnRealdevcice -->
