<?xml version="1.0" encoding="UTF-8"?>
<!-- Generated by org.testng.reporters.JUnitReportReporter -->
<testsuite hostname="PG02K1MX" failures="0" tests="1" name="com.botree.Marico_Test.Brillion_PermissionandLoginTest" time="14.359" errors="0" timestamp="2023-03-07T14:08:30 IST" skipped="0">
  <testcase classname="com.botree.Marico_Test.Brillion_PermissionandLoginTest" name="permission" time="14.359"/>
  <system-out/>
</testsuite> <!-- com.botree.Marico_Test.Brillion_PermissionandLoginTest -->
